<?xml version="1.0" encoding="UTF-8"?>
<testsuite xmlns:xsi="http://www.w3.org/2001/XMLSchema-instance" xsi:noNamespaceSchemaLocation="https://maven.apache.org/surefire/maven-surefire-plugin/xsd/surefire-test-report.xsd" name="io.sim.TesteFuelStation" time="0.001" tests="1" errors="0" skipped="0" failures="0">
  <properties>
    <property name="java.specification.version" value="21"/>
    <property name="sun.jnu.encoding" value="UTF-8"/>
    <property name="java.class.path" value="/home/danilo/Desktop/rian/sim/target/test-classes:/home/danilo/Desktop/rian/sim/target/classes:/home/danilo/.m2/repository/org/slf4j/slf4j-api/2.0.7/slf4j-api-2.0.7.jar:/home/danilo/.m2/repository/xerces/xercesImpl/2.12.2/xercesImpl-2.12.2.jar:/home/danilo/.m2/repository/xml-apis/xml-apis/1.4.01/xml-apis-1.4.01.jar:/home/danilo/.m2/repository/org/hamcrest/hamcrest-core/1.3/hamcrest-core-1.3.jar:/home/danilo/.m2/repository/junit-4/13/2/junit-4.13.2/junit-4.13.2/junit-4.13.2-junit-4.13.2.jar:/home/danilo/.m2/repository/libsumo-1/18/0/libsumo-1.18.0/libsumo-1.18.0/libsumo-1.18.0-libsumo-1.18.0.jar:/home/danilo/.m2/repository/libsumo-1/18/0-sources/libsumo-1.18.0-sources/libsumo-1.18.0-sources/libsumo-1.18.0-sources-libsumo-1.18.0-sources.jar:/home/danilo/.m2/repository/libtraci-1/18/0/libtraci-1.18.0/libtraci-1.18.0/libtraci-1.18.0-libtraci-1.18.0.jar:/home/danilo/.m2/repository/lisum-core/lisum-core/lisum-core/lisum-core-lisum-core.jar:/home/danilo/.m2/repository/lisum-gui/lisum-gui/lisum-gui/lisum-gui-lisum-gui.jar:/home/danilo/.m2/repository/TraaS/TraaS/TraaS/TraaS-TraaS.jar:/home/danilo/.m2/repository/org/python/jython-slim/2.7.3/jython-slim-2.7.3.jar:/home/danilo/.m2/repository/org/antlr/antlr/3.5.2/antlr-3.5.2.jar:/home/danilo/.m2/repository/org/antlr/ST4/4.0.8/ST4-4.0.8.jar:/home/danilo/.m2/repository/javax/servlet/javax.servlet-api/3.1.0/javax.servlet-api-3.1.0.jar:/home/danilo/.m2/repository/org/antlr/antlr-runtime/3.5.2/antlr-runtime-3.5.2.jar:/home/danilo/.m2/repository/org/apache/commons/commons-compress/1.21/commons-compress-1.21.jar:/home/danilo/.m2/repository/org/bouncycastle/bcpkix-jdk18on/1.71/bcpkix-jdk18on-1.71.jar:/home/danilo/.m2/repository/org/bouncycastle/bcutil-jdk18on/1.71/bcutil-jdk18on-1.71.jar:/home/danilo/.m2/repository/org/bouncycastle/bcprov-jdk18on/1.71/bcprov-jdk18on-1.71.jar:/home/danilo/.m2/repository/org/ow2/asm/asm/9.3/asm-9.3.jar:/home/danilo/.m2/repository/org/ow2/asm/asm-commons/9.3/asm-commons-9.3.jar:/home/danilo/.m2/repository/org/ow2/asm/asm-tree/9.3/asm-tree-9.3.jar:/home/danilo/.m2/repository/org/ow2/asm/asm-analysis/9.3/asm-analysis-9.3.jar:/home/danilo/.m2/repository/org/ow2/asm/asm-util/9.3/asm-util-9.3.jar:/home/danilo/.m2/repository/com/google/guava/guava/31.0.1-jre/guava-31.0.1-jre.jar:/home/danilo/.m2/repository/com/google/guava/failureaccess/1.0.1/failureaccess-1.0.1.jar:/home/danilo/.m2/repository/com/google/guava/listenablefuture/9999.0-empty-to-avoid-conflict-with-guava/listenablefuture-9999.0-empty-to-avoid-conflict-with-guava.jar:/home/danilo/.m2/repository/com/google/code/findbugs/jsr305/3.0.2/jsr305-3.0.2.jar:/home/danilo/.m2/repository/org/checkerframework/checker-qual/3.12.0/checker-qual-3.12.0.jar:/home/danilo/.m2/repository/com/google/errorprone/error_prone_annotations/2.7.1/error_prone_annotations-2.7.1.jar:/home/danilo/.m2/repository/com/google/j2objc/j2objc-annotations/1.3/j2objc-annotations-1.3.jar:/home/danilo/.m2/repository/com/ibm/icu/icu4j/71.1/icu4j-71.1.jar:/home/danilo/.m2/repository/com/carrotsearch/java-sizeof/0.0.5/java-sizeof-0.0.5.jar:/home/danilo/.m2/repository/com/github/jnr/jffi/1.3.9/jffi-1.3.9.jar:/home/danilo/.m2/repository/com/github/jnr/jnr-constants/0.10.3/jnr-constants-0.10.3.jar:/home/danilo/.m2/repository/com/github/jnr/jnr-ffi/2.2.12/jnr-ffi-2.2.12.jar:/home/danilo/.m2/repository/com/github/jnr/jffi/1.3.9/jffi-1.3.9-native.jar:/home/danilo/.m2/repository/com/github/jnr/jnr-a64asm/1.0.0/jnr-a64asm-1.0.0.jar:/home/danilo/.m2/repository/com/github/jnr/jnr-x86asm/1.0.2/jnr-x86asm-1.0.2.jar:/home/danilo/.m2/repository/com/github/jnr/jnr-netdb/1.2.0/jnr-netdb-1.2.0.jar:/home/danilo/.m2/repository/com/github/jnr/jnr-posix/3.1.15/jnr-posix-3.1.15.jar:/home/danilo/.m2/repository/jline/jline/2.14.5/jline-2.14.5.jar:/home/danilo/.m2/repository/io/netty/netty-buffer/4.1.73.Final/netty-buffer-4.1.73.Final.jar:/home/danilo/.m2/repository/io/netty/netty-codec/4.1.73.Final/netty-codec-4.1.73.Final.jar:/home/danilo/.m2/repository/io/netty/netty-common/4.1.73.Final/netty-common-4.1.73.Final.jar:/home/danilo/.m2/repository/io/netty/netty-handler/4.1.73.Final/netty-handler-4.1.73.Final.jar:/home/danilo/.m2/repository/io/netty/netty-tcnative-classes/2.0.46.Final/netty-tcnative-classes-2.0.46.Final.jar:/home/danilo/.m2/repository/io/netty/netty-resolver/4.1.73.Final/netty-resolver-4.1.73.Final.jar:/home/danilo/.m2/repository/io/netty/netty-transport/4.1.73.Final/netty-transport-4.1.73.Final.jar:/home/danilo/.m2/repository/org/apache/ant/ant/1.10.12/ant-1.10.12.jar:/home/danilo/.m2/repository/org/apache/ant/ant-launcher/1.10.12/ant-launcher-1.10.12.jar:"/>
    <property name="java.vm.vendor" value="Eclipse Adoptium"/>
    <property name="sun.arch.data.model" value="64"/>
    <property name="java.vendor.url" value="https://adoptium.net/"/>
    <property name="os.name" value="Linux"/>
    <property name="java.vm.specification.version" value="21"/>
    <property name="sun.java.launcher" value="SUN_STANDARD"/>
    <property name="user.country" value="US"/>
    <property name="sun.boot.library.path" value="/home/danilo/.asdf/installs/java/adoptopenjdk-21.0.1+12.0.LTS/lib"/>
    <property name="sun.java.command" value="/home/danilo/Desktop/rian/sim/target/surefire/surefirebooter14463469005255871033.jar /home/danilo/Desktop/rian/sim/target/surefire 2023-11-20T15-04-02_396-jvmRun1 surefire5247005285920377330tmp surefire_011851330436736488296tmp"/>
    <property name="jdk.debug" value="release"/>
    <property name="surefire.test.class.path" value="/home/danilo/Desktop/rian/sim/target/test-classes:/home/danilo/Desktop/rian/sim/target/classes:/home/danilo/.m2/repository/org/slf4j/slf4j-api/2.0.7/slf4j-api-2.0.7.jar:/home/danilo/.m2/repository/xerces/xercesImpl/2.12.2/xercesImpl-2.12.2.jar:/home/danilo/.m2/repository/xml-apis/xml-apis/1.4.01/xml-apis-1.4.01.jar:/home/danilo/.m2/repository/org/hamcrest/hamcrest-core/1.3/hamcrest-core-1.3.jar:/home/danilo/.m2/repository/junit-4/13/2/junit-4.13.2/junit-4.13.2/junit-4.13.2-junit-4.13.2.jar:/home/danilo/.m2/repository/libsumo-1/18/0/libsumo-1.18.0/libsumo-1.18.0/libsumo-1.18.0-libsumo-1.18.0.jar:/home/danilo/.m2/repository/libsumo-1/18/0-sources/libsumo-1.18.0-sources/libsumo-1.18.0-sources/libsumo-1.18.0-sources-libsumo-1.18.0-sources.jar:/home/danilo/.m2/repository/libtraci-1/18/0/libtraci-1.18.0/libtraci-1.18.0/libtraci-1.18.0-libtraci-1.18.0.jar:/home/danilo/.m2/repository/lisum-core/lisum-core/lisum-core/lisum-core-lisum-core.jar:/home/danilo/.m2/repository/lisum-gui/lisum-gui/lisum-gui/lisum-gui-lisum-gui.jar:/home/danilo/.m2/repository/TraaS/TraaS/TraaS/TraaS-TraaS.jar:/home/danilo/.m2/repository/org/python/jython-slim/2.7.3/jython-slim-2.7.3.jar:/home/danilo/.m2/repository/org/antlr/antlr/3.5.2/antlr-3.5.2.jar:/home/danilo/.m2/repository/org/antlr/ST4/4.0.8/ST4-4.0.8.jar:/home/danilo/.m2/repository/javax/servlet/javax.servlet-api/3.1.0/javax.servlet-api-3.1.0.jar:/home/danilo/.m2/repository/org/antlr/antlr-runtime/3.5.2/antlr-runtime-3.5.2.jar:/home/danilo/.m2/repository/org/apache/commons/commons-compress/1.21/commons-compress-1.21.jar:/home/danilo/.m2/repository/org/bouncycastle/bcpkix-jdk18on/1.71/bcpkix-jdk18on-1.71.jar:/home/danilo/.m2/repository/org/bouncycastle/bcutil-jdk18on/1.71/bcutil-jdk18on-1.71.jar:/home/danilo/.m2/repository/org/bouncycastle/bcprov-jdk18on/1.71/bcprov-jdk18on-1.71.jar:/home/danilo/.m2/repository/org/ow2/asm/asm/9.3/asm-9.3.jar:/home/danilo/.m2/repository/org/ow2/asm/asm-commons/9.3/asm-commons-9.3.jar:/home/danilo/.m2/repository/org/ow2/asm/asm-tree/9.3/asm-tree-9.3.jar:/home/danilo/.m2/repository/org/ow2/asm/asm-analysis/9.3/asm-analysis-9.3.jar:/home/danilo/.m2/repository/org/ow2/asm/asm-util/9.3/asm-util-9.3.jar:/home/danilo/.m2/repository/com/google/guava/guava/31.0.1-jre/guava-31.0.1-jre.jar:/home/danilo/.m2/repository/com/google/guava/failureaccess/1.0.1/failureaccess-1.0.1.jar:/home/danilo/.m2/repository/com/google/guava/listenablefuture/9999.0-empty-to-avoid-conflict-with-guava/listenablefuture-9999.0-empty-to-avoid-conflict-with-guava.jar:/home/danilo/.m2/repository/com/google/code/findbugs/jsr305/3.0.2/jsr305-3.0.2.jar:/home/danilo/.m2/repository/org/checkerframework/checker-qual/3.12.0/checker-qual-3.12.0.jar:/home/danilo/.m2/repository/com/google/errorprone/error_prone_annotations/2.7.1/error_prone_annotations-2.7.1.jar:/home/danilo/.m2/repository/com/google/j2objc/j2objc-annotations/1.3/j2objc-annotations-1.3.jar:/home/danilo/.m2/repository/com/ibm/icu/icu4j/71.1/icu4j-71.1.jar:/home/danilo/.m2/repository/com/carrotsearch/java-sizeof/0.0.5/java-sizeof-0.0.5.jar:/home/danilo/.m2/repository/com/github/jnr/jffi/1.3.9/jffi-1.3.9.jar:/home/danilo/.m2/repository/com/github/jnr/jnr-constants/0.10.3/jnr-constants-0.10.3.jar:/home/danilo/.m2/repository/com/github/jnr/jnr-ffi/2.2.12/jnr-ffi-2.2.12.jar:/home/danilo/.m2/repository/com/github/jnr/jffi/1.3.9/jffi-1.3.9-native.jar:/home/danilo/.m2/repository/com/github/jnr/jnr-a64asm/1.0.0/jnr-a64asm-1.0.0.jar:/home/danilo/.m2/repository/com/github/jnr/jnr-x86asm/1.0.2/jnr-x86asm-1.0.2.jar:/home/danilo/.m2/repository/com/github/jnr/jnr-netdb/1.2.0/jnr-netdb-1.2.0.jar:/home/danilo/.m2/repository/com/github/jnr/jnr-posix/3.1.15/jnr-posix-3.1.15.jar:/home/danilo/.m2/repository/jline/jline/2.14.5/jline-2.14.5.jar:/home/danilo/.m2/repository/io/netty/netty-buffer/4.1.73.Final/netty-buffer-4.1.73.Final.jar:/home/danilo/.m2/repository/io/netty/netty-codec/4.1.73.Final/netty-codec-4.1.73.Final.jar:/home/danilo/.m2/repository/io/netty/netty-common/4.1.73.Final/netty-common-4.1.73.Final.jar:/home/danilo/.m2/repository/io/netty/netty-handler/4.1.73.Final/netty-handler-4.1.73.Final.jar:/home/danilo/.m2/repository/io/netty/netty-tcnative-classes/2.0.46.Final/netty-tcnative-classes-2.0.46.Final.jar:/home/danilo/.m2/repository/io/netty/netty-resolver/4.1.73.Final/netty-resolver-4.1.73.Final.jar:/home/danilo/.m2/repository/io/netty/netty-transport/4.1.73.Final/netty-transport-4.1.73.Final.jar:/home/danilo/.m2/repository/org/apache/ant/ant/1.10.12/ant-1.10.12.jar:/home/danilo/.m2/repository/org/apache/ant/ant-launcher/1.10.12/ant-launcher-1.10.12.jar:"/>
    <property name="sun.cpu.endian" value="little"/>
    <property name="user.home" value="/home/danilo"/>
    <property name="user.language" value="en"/>
    <property name="java.specification.vendor" value="Oracle Corporation"/>
    <property name="java.version.date" value="2023-10-17"/>
    <property name="java.home" value="/home/danilo/.asdf/installs/java/adoptopenjdk-21.0.1+12.0.LTS"/>
    <property name="file.separator" value="/"/>
    <property name="basedir" value="/home/danilo/Desktop/rian/sim"/>
    <property name="java.vm.compressedOopsMode" value="Zero based"/>
    <property name="line.separator" value="&#10;"/>
    <property name="java.specification.name" value="Java Platform API Specification"/>
    <property name="java.vm.specification.vendor" value="Oracle Corporation"/>
    <property name="surefire.real.class.path" value="/home/danilo/Desktop/rian/sim/target/surefire/surefirebooter14463469005255871033.jar"/>
    <property name="sun.management.compiler" value="HotSpot 64-Bit Tiered Compilers"/>
    <property name="java.runtime.version" value="21.0.1+12-LTS"/>
    <property name="user.name" value="danilo"/>
    <property name="stdout.encoding" value="UTF-8"/>
    <property name="path.separator" value=":"/>
    <property name="os.version" value="5.15.0-86-generic"/>
    <property name="java.runtime.name" value="OpenJDK Runtime Environment"/>
    <property name="file.encoding" value="UTF-8"/>
    <property name="java.vm.name" value="OpenJDK 64-Bit Server VM"/>
    <property name="java.vendor.version" value="Temurin-21.0.1+12"/>
    <property name="localRepository" value="/home/danilo/.m2/repository"/>
    <property name="java.vendor.url.bug" value="https://github.com/adoptium/adoptium-support/issues"/>
    <property name="java.io.tmpdir" value="/tmp"/>
    <property name="java.version" value="21.0.1"/>
    <property name="user.dir" value="/home/danilo/Desktop/rian/sim"/>
    <property name="os.arch" value="amd64"/>
    <property name="java.vm.specification.name" value="Java Virtual Machine Specification"/>
    <property name="native.encoding" value="UTF-8"/>
    <property name="java.library.path" value="/usr/java/packages/lib:/usr/lib64:/lib64:/lib:/usr/lib"/>
    <property name="java.vm.info" value="mixed mode, sharing"/>
    <property name="stderr.encoding" value="UTF-8"/>
    <property name="java.vendor" value="Eclipse Adoptium"/>
    <property name="java.vm.version" value="21.0.1+12-LTS"/>
    <property name="sun.io.unicode.encoding" value="UnicodeLittle"/>
    <property name="java.class.version" value="65.0"/>
  </properties>
  <testcase name="io.sim.TesteFuelStation.teste_abastecer" classname="io.sim.TesteFuelStation" time="0"/>
</testsuite>